<?xml version="1.0" encoding="UTF-8"?>
<!-- Generated by org.testng.reporters.JUnitXMLReporter -->
<testsuite hostname="LAPTOP-376KAIGH" ignored="0" name="TestOnFirefox" tests="1" failures="0" timestamp="26 Mar 2017 12:30:28 GMT" time="6.154" errors="0">
  <testcase name="@BeforeClass initApplication" time="0.0" classname="com.hrm.base.BaseTest">
    <failure type="org.openqa.selenium.WebDriverException" message="Not a Number
Build info: version: &amp;apos;3.3.1&amp;apos;, revision: &amp;apos;5234b32&amp;apos;, time: &amp;apos;2017-03-10 09:04:52 -0800&amp;apos;
System info: host: &amp;apos;LAPTOP-376KAIGH&amp;apos;, ip: &amp;apos;127.0.0.1&amp;apos;, os.name: &amp;apos;Windows 10&amp;apos;, os.arch: &amp;apos;amd64&amp;apos;, os.version: &amp;apos;10.0&amp;apos;, java.version: &amp;apos;1.8.0_111&amp;apos;
Driver info: org.openqa.selenium.firefox.FirefoxDriver
Capabilities [{rotatable=false, raisesAccessibilityExceptions=false, appBuildId=20160726073904, version=48.0, platform=XP, proxy={}, command_id=1, specificationLevel=0, acceptSslCerts=false, browserVersion=48.0, platformVersion=10.0, XULappId={ec8030f7-c20a-464f-9b0e-13a3a9e97384}, browserName=Firefox, takesScreenshot=true, takesElementScreenshot=true, platformName=Windows_NT, device=desktop}]
Session ID: d3d823f0-6525-497f-b5ae-0341f550d320">
      <![CDATA[org.openqa.selenium.WebDriverException: Not a Number
Build info: version: '3.3.1', revision: '5234b32', time: '2017-03-10 09:04:52 -0800'
System info: host: 'LAPTOP-376KAIGH', ip: '127.0.0.1', os.name: 'Windows 10', os.arch: 'amd64', os.version: '10.0', java.version: '1.8.0_111'
Driver info: org.openqa.selenium.firefox.FirefoxDriver
Capabilities [{rotatable=false, raisesAccessibilityExceptions=false, appBuildId=20160726073904, version=48.0, platform=XP, proxy={}, command_id=1, specificationLevel=0, acceptSslCerts=false, browserVersion=48.0, platformVersion=10.0, XULappId={ec8030f7-c20a-464f-9b0e-13a3a9e97384}, browserName=Firefox, takesScreenshot=true, takesElementScreenshot=true, platformName=Windows_NT, device=desktop}]
Session ID: d3d823f0-6525-497f-b5ae-0341f550d320
	at org.openqa.selenium.remote.http.W3CHttpResponseCodec.createException(W3CHttpResponseCodec.java:133)
	at org.openqa.selenium.remote.http.W3CHttpResponseCodec.decode(W3CHttpResponseCodec.java:99)
	at org.openqa.selenium.remote.http.W3CHttpResponseCodec.decode(W3CHttpResponseCodec.java:43)
	at org.openqa.selenium.remote.HttpCommandExecutor.execute(HttpCommandExecutor.java:163)
	at org.openqa.selenium.remote.service.DriverCommandExecutor.execute(DriverCommandExecutor.java:82)
	at org.openqa.selenium.remote.RemoteWebDriver.execute(RemoteWebDriver.java:604)
	at org.openqa.selenium.firefox.FirefoxDriver.access$100(FirefoxDriver.java:67)
	at org.openqa.selenium.firefox.FirefoxDriver$1$1.implicitlyWait(FirefoxDriver.java:288)
	at com.hrm.base.BaseTest.initApplication(BaseTest.java:93)
... Removed 29 stack frames]]>
    </failure>
  </testcase> <!-- @BeforeClass initApplication -->
  <testcase name="@BeforeClass noAutoLogin" time="0.0" classname="com.hrm.scripts.LoginLogoutTest">
    <skipped/>
  </testcase> <!-- @BeforeClass noAutoLogin -->
  <testcase name="@BeforeMethod preCondition" time="0.0" classname="com.hrm.base.BaseTest">
    <skipped/>
  </testcase> <!-- @BeforeMethod preCondition -->
  <testcase name="@AfterMethod postCondition" time="0.0" classname="com.hrm.base.BaseTest">
    <skipped/>
  </testcase> <!-- @AfterMethod postCondition -->
  <testcase name="@AfterClass closeApplication" time="0.0" classname="com.hrm.base.BaseTest">
    <skipped/>
  </testcase> <!-- @AfterClass closeApplication -->
  <testcase name="testAutoLoginLogout1" time="0.006" classname="com.hrm.scripts.LoginLogoutTest">
    <skipped/>
  </testcase> <!-- testAutoLoginLogout1 -->
</testsuite> <!-- TestOnFirefox -->
